[20:39:54] [Server thread/INFO]: Starting minecraft server version 1.7.10
[20:40:40] [Server thread/INFO]: Loading properties
[20:40:40] [Server thread/INFO]: Default game type: SURVIVAL
[20:40:40] [Server thread/INFO]: Generating keypair
[20:40:40] [Server thread/INFO]: Starting Minecraft server on *:25565
[20:42:19] [Server thread/INFO]: Preparing level "drubolasiago"
[20:42:22] [Server thread/INFO]: Preparing start region for level 0
[20:42:23] [Server thread/INFO]: Preparing spawn area: 22%
[20:42:24] [Server thread/INFO]: Preparing spawn area: 75%
[20:42:24] [Server thread/INFO]: Done (7.320s)! For help, type "help" or "?"
[20:42:59] [Server thread/INFO]: Reloaded default quest database
[20:51:26] [User Authenticator #1/INFO]: UUID of player AgentLynx is 3f98fff4-b222-41c3-b8f6-4094fdcabfe6
[20:51:27] [Server thread/INFO]: AgentLynx[/127.0.0.1:58856] logged in with entity id 1687 at (-347.5, 61.0, -290.5)
[20:51:27] [Server thread/INFO]: AgentLynx joined the game
[20:52:14] [Server thread/INFO]: [AgentLynx: Set the time to 0]
[20:54:53] [User Authenticator #2/INFO]: UUID of player nik is 5d985324-97b3-4aaf-a406-8707b418fd68
[20:54:54] [Server thread/INFO]: nik[/10.0.0.60:53613] logged in with entity id 2193 at (-346.8277343146599, 60.0, -287.56114130448543)
[20:54:54] [Server thread/INFO]: nik joined the game
[20:55:46] [Server thread/INFO]: [AgentLynx: Teleported AgentLynx to -347.5,61.5,-290.5]
[20:57:02] [Server thread/WARN]: nik moved wrongly!
[20:57:35] [Server thread/INFO]: [nik: Teleported nik to -357.5,55.5,-315.5]
[20:57:46] [Server thread/INFO]: [AgentLynx: Teleported AgentLynx to 75.5,67.5,7.5]
[20:57:47] [Server thread/WARN]: Fetching addPacket for removed entity
[20:58:01] [Server thread/INFO]: [AgentLynx: Teleported AgentLynx to -347.5,61.5,-290.5]
[20:59:20] [Server thread/INFO]: [AgentLynx: Teleported AgentLynx to -341.5,51.5,-283.5]
[20:59:25] [Server thread/INFO]: [AgentLynx: Teleported AgentLynx to -347.5,61.5,-290.5]
[21:02:35] [Server thread/INFO]: [AgentLynx: Given [MV Machine Hull] * 64 to AgentLynx]
[21:06:23] [Server thread/INFO]: [AgentLynx: Teleported AgentLynx to 75.5,67.5,7.5]
[21:06:52] [Server thread/INFO]: [AgentLynx: Teleported AgentLynx to -347.5,61.5,-290.5]
[21:10:59] [Server thread/INFO]: [AgentLynx: Teleported AgentLynx to -347.5,61.5,-290.5]
[21:15:43] [Server thread/INFO]: AgentLynx fell out of the world
[21:25:53] [Server thread/INFO]: [AgentLynx: Teleported AgentLynx to -319.5,60.5,-283.5]
[21:25:57] [Server thread/INFO]: [AgentLynx: Teleported AgentLynx to -347.5,61.5,-290.5]
[21:26:14] [Server thread/INFO]: [AgentLynx: Teleported AgentLynx to -408.5,20.5,-360.5]
[21:28:47] [Server thread/INFO]: [AgentLynx: Set the time to 0]
[21:28:51] [Server thread/INFO]: [AgentLynx: Teleported AgentLynx to nik]
[21:29:11] [Server thread/INFO]: [AgentLynx: Teleported AgentLynx to -347.5,61.5,-290.5]
[21:29:24] [Server thread/INFO]: [AgentLynx: Teleported AgentLynx to -408.5,20.5,-360.5]
[21:29:36] [Server thread/INFO]: [AgentLynx: Set nik's game mode to Creative Mode]
[21:29:50] [Server thread/INFO]: [AgentLynx: Set nik's game mode to Survival Mode]
[21:30:09] [Server thread/INFO]: [nik: Teleported nik to AgentLynx]
[21:30:16] [Server thread/INFO]: [nik: Teleported nik to -370.5,64.5,-317.5]
[21:33:17] [Server thread/INFO]: [nik: Teleported nik to -357.5,55.5,-315.5]
[21:33:29] [Server thread/INFO]: [nik: Teleported nik to -343.5,61.5,-287.5]
[21:37:24] [Server thread/INFO]: [AgentLynx: Teleported AgentLynx to -347.5,61.5,-290.5]
[21:39:50] [Server thread/INFO]: [AgentLynx: Teleported AgentLynx to -347.5,61.5,-290.5]
[21:40:24] [Server thread/INFO]: [AgentLynx: Teleported AgentLynx to -381.5,64.5,-322.5]
[21:40:27] [Server thread/INFO]: [AgentLynx: Set the time to 0]
[21:40:48] [Server thread/INFO]: [AgentLynx: Teleported AgentLynx to -347.5,61.5,-290.5]
[21:41:08] [Server thread/INFO]: [AgentLynx: Teleported AgentLynx to -381.5,64.5,-322.5]
[21:41:20] [Server thread/INFO]: [AgentLynx: Teleported AgentLynx to -347.5,61.5,-290.5]
[21:41:29] [Server thread/INFO]: [AgentLynx: Teleported AgentLynx to -381.5,64.5,-322.5]
[21:41:39] [Server thread/INFO]: [AgentLynx: Teleported AgentLynx to -347.5,61.5,-290.5]
[21:43:00] [Server thread/INFO]: [AgentLynx: Teleported AgentLynx to -20.5,36.5,-456.5]
[21:44:06] [Server thread/INFO]: [nik: Teleported nik to AgentLynx]
[21:45:16] [Server thread/INFO]: [AgentLynx: Teleported AgentLynx to -347.5,61.5,-290.5]
[21:45:17] [Server thread/WARN]: Fetching addPacket for removed entity
[21:45:17] [Server thread/INFO]: [nik: Teleported nik to -343.5,61.5,-287.5]
[21:47:32] [Server thread/INFO]: [nik: Teleported nik to -357.5,55.5,-315.5]
[21:47:49] [Server thread/INFO]: [nik: Teleported nik to -343.5,61.5,-287.5]
[21:49:30] [Server thread/INFO]: [AgentLynx: Teleported AgentLynx to -20.5,36.5,-456.5]
[21:49:50] [Server thread/INFO]: [AgentLynx: Teleported AgentLynx to -347.5,61.5,-290.5]
[21:51:41] [Server thread/INFO]: [nik: Teleported nik to -614.5,72.5,-315.5]
[21:53:33] [Server thread/INFO]: [nik: Teleported nik to -357.5,55.5,-315.5]
[21:53:53] [Server thread/INFO]: [nik: Set the time to 1000]
[21:54:18] [Server thread/INFO]: [nik: Teleported nik to -614.5,72.5,-315.5]
[21:54:26] [Server thread/INFO]: [nik: Teleported nik to -370.5,64.5,-317.5]
[21:54:30] [Server thread/INFO]: [nik: Teleported nik to -343.5,61.5,-287.5]
[21:54:57] [Server thread/INFO]: [nik: Teleported nik to -614.5,72.5,-315.5]
[21:54:58] [Server thread/WARN]: Fetching addPacket for removed entity
[21:57:57] [Server thread/INFO]: [nik: Teleported nik to -343.5,61.5,-287.5]
[22:00:09] [Server thread/INFO]: [AgentLynx: Teleported AgentLynx to -347.5,61.5,-290.5]
[22:02:02] [Server thread/INFO]: [nik: Teleported nik to -614.5,72.5,-315.5]
[22:02:56] [Server thread/INFO]: [nik: Teleported nik to -343.5,61.5,-287.5]
[22:03:49] [Server thread/INFO]: [nik: Teleported nik to -614.5,72.5,-315.5]
[22:04:07] [Server thread/INFO]: [AgentLynx: Teleported AgentLynx to -347.5,61.5,-290.5]
[22:05:46] [Server thread/INFO]: [AgentLynx: Teleported AgentLynx to -319.5,60.5,-283.5]
[22:05:52] [Server thread/INFO]: [nik: Teleported nik to -370.5,64.5,-317.5]
[22:05:56] [Server thread/INFO]: [nik: Set the time to 1000]
[22:06:09] [Server thread/INFO]: [nik: Teleported nik to -614.5,72.5,-315.5]
[22:07:42] [Server thread/INFO]: [nik: Teleported nik to -357.5,55.5,-315.5]
[22:11:23] [Server thread/INFO]: [nik: Teleported nik to -614.5,72.5,-315.5]
[22:11:24] [Server thread/WARN]: Fetching addPacket for removed entity
[22:12:09] [Server thread/INFO]: [AgentLynx: Teleported AgentLynx to -347.5,61.5,-290.5]
[22:13:06] [Server thread/INFO]: [nik: Teleported nik to -343.5,61.5,-287.5]
[22:13:57] [Server thread/INFO]: AgentLynx lost connection: TextComponent{text='Disconnected', siblings=[], style=Style{hasParent=false, color=null, bold=null, italic=null, underlined=null, obfuscated=null, clickEvent=null, hoverEvent=null}}
[22:13:57] [Server thread/INFO]: AgentLynx left the game
[22:14:15] [Server thread/INFO]: nik lost connection: TranslatableComponent{key='disconnect.genericReason', args=[Internal Exception: java.io.IOException: An established connection was aborted by the software in your host machine], siblings=[], style=Style{hasParent=false, color=null, bold=null, italic=null, underlined=null, obfuscated=null, clickEvent=null, hoverEvent=null}}
[22:14:15] [Server thread/INFO]: nik left the game
