06.07.2024 03:14:28.082 - [eu.usrv.legacylootgames.LootGamesDungeonLogger][INFO] - == LootGames logger initialized ==
06.07.2024 03:18:23.004 - [eu.usrv.legacylootgames.LootGamesDungeonLogger][INFO] - == LootGames logger initialized ==
06.07.2024 03:19:42.932 - [eu.usrv.legacylootgames.LootGamesDungeonLogger][INFO] - == LootGames logger initialized ==
06.07.2024 03:25:57.021 - [eu.usrv.legacylootgames.LootGamesDungeonLogger][INFO] - == LootGames logger initialized ==
07.07.2024 05:25:50.675 - [eu.usrv.legacylootgames.LootGamesDungeonLogger][INFO] - == LootGames logger initialized ==
08.07.2024 09:34:23.926 - [eu.usrv.legacylootgames.LootGamesDungeonLogger][INFO] - == LootGames logger initialized ==
08.07.2024 05:53:50.711 - [eu.usrv.legacylootgames.LootGamesDungeonLogger][INFO] - == LootGames logger initialized ==
08.07.2024 06:15:20.071 - [eu.usrv.legacylootgames.LootGamesDungeonLogger][INFO] - == LootGames logger initialized ==
08.07.2024 06:37:57.331 - [eu.usrv.legacylootgames.LootGamesDungeonLogger][INFO] - == LootGames logger initialized ==
09.07.2024 10:50:53.346 - [eu.usrv.legacylootgames.LootGamesDungeonLogger][INFO] - == LootGames logger initialized ==
10.07.2024 05:49:37.537 - [eu.usrv.legacylootgames.LootGamesDungeonLogger][INFO] - == LootGames logger initialized ==
10.07.2024 06:29:43.053 - [eu.usrv.legacylootgames.LootGamesDungeonLogger][INFO] - PuzzleDungeon spawned at 648 65 232 in Dimension 0
10.07.2024 06:30:44.372 - [eu.usrv.legacylootgames.LootGamesDungeonLogger][INFO] - PuzzleDungeon spawned at 360 76 -824 in Dimension 0
10.07.2024 06:31:58.507 - [eu.usrv.legacylootgames.LootGamesDungeonLogger][INFO] - PuzzleDungeon spawned at 616 56 -952 in Dimension 0
10.07.2024 06:32:00.450 - [eu.usrv.legacylootgames.LootGamesDungeonLogger][INFO] - PuzzleDungeon spawned at 696 57 -808 in Dimension 0
10.07.2024 06:35:18.275 - [eu.usrv.legacylootgames.LootGamesDungeonLogger][INFO] - PuzzleDungeon spawned at 776 79 264 in Dimension 0
10.07.2024 06:37:24.032 - [eu.usrv.legacylootgames.LootGamesDungeonLogger][INFO] - PuzzleDungeon spawned at 1048 49 216 in Dimension 0
10.07.2024 06:38:34.621 - [eu.usrv.legacylootgames.LootGamesDungeonLogger][INFO] - PuzzleDungeon spawned at 1032 96 40 in Dimension 0
10.07.2024 06:43:49.760 - [eu.usrv.legacylootgames.LootGamesDungeonLogger][INFO] - PuzzleDungeon spawned at 1016 53 -888 in Dimension 0
10.07.2024 06:44:20.637 - [eu.usrv.legacylootgames.LootGamesDungeonLogger][INFO] - PuzzleDungeon spawned at 1192 47 -872 in Dimension 0
10.07.2024 06:45:44.630 - [eu.usrv.legacylootgames.LootGamesDungeonLogger][INFO] - PuzzleDungeon spawned at 1400 57 -888 in Dimension 0
10.07.2024 06:47:47.581 - [eu.usrv.legacylootgames.LootGamesDungeonLogger][INFO] - PuzzleDungeon spawned at 1256 51 8 in Dimension 0
10.07.2024 06:47:48.726 - [eu.usrv.legacylootgames.LootGamesDungeonLogger][INFO] - PuzzleDungeon spawned at 1320 51 152 in Dimension 0
10.07.2024 06:48:52.646 - [eu.usrv.legacylootgames.LootGamesDungeonLogger][INFO] - PuzzleDungeon spawned at 1208 61 -696 in Dimension 0
10.07.2024 06:49:17.832 - [eu.usrv.legacylootgames.LootGamesDungeonLogger][INFO] - PuzzleDungeon spawned at 1464 61 -728 in Dimension 0
10.07.2024 06:50:15.853 - [eu.usrv.legacylootgames.LootGamesDungeonLogger][INFO] - PuzzleDungeon spawned at 1528 65 -40 in Dimension 0
10.07.2024 06:50:27.408 - [eu.usrv.legacylootgames.LootGamesDungeonLogger][INFO] - PuzzleDungeon spawned at 1560 51 -680 in Dimension 0
10.07.2024 06:50:38.823 - [eu.usrv.legacylootgames.LootGamesDungeonLogger][INFO] - PuzzleDungeon spawned at 1528 75 152 in Dimension 0
10.07.2024 06:52:25.020 - [eu.usrv.legacylootgames.LootGamesDungeonLogger][INFO] - PuzzleDungeon spawned at 1832 67 -728 in Dimension 0
10.07.2024 06:53:47.050 - [eu.usrv.legacylootgames.LootGamesDungeonLogger][INFO] - PuzzleDungeon spawned at 2200 46 -808 in Dimension 0
10.07.2024 06:53:52.062 - [eu.usrv.legacylootgames.LootGamesDungeonLogger][INFO] - PuzzleDungeon spawned at 2152 66 -968 in Dimension 0
10.07.2024 06:54:42.712 - [eu.usrv.legacylootgames.LootGamesDungeonLogger][INFO] - PuzzleDungeon spawned at 2424 57 -1016 in Dimension 0
10.07.2024 06:55:02.715 - [eu.usrv.legacylootgames.LootGamesDungeonLogger][INFO] - PuzzleDungeon spawned at 2536 114 -904 in Dimension 0
10.07.2024 06:55:44.714 - [eu.usrv.legacylootgames.LootGamesDungeonLogger][INFO] - PuzzleDungeon spawned at 2680 118 -1064 in Dimension 0
10.07.2024 06:57:26.893 - [eu.usrv.legacylootgames.LootGamesDungeonLogger][INFO] - PuzzleDungeon spawned at 2920 49 -1000 in Dimension 0
10.07.2024 06:57:36.827 - [eu.usrv.legacylootgames.LootGamesDungeonLogger][INFO] - PuzzleDungeon spawned at 2904 56 -1080 in Dimension 0
10.07.2024 06:58:35.819 - [eu.usrv.legacylootgames.LootGamesDungeonLogger][INFO] - PuzzleDungeon spawned at 3192 58 -1048 in Dimension 0
10.07.2024 07:00:16.428 - [eu.usrv.legacylootgames.LootGamesDungeonLogger][INFO] - PuzzleDungeon spawned at 3464 61 -984 in Dimension 0
10.07.2024 07:00:19.044 - [eu.usrv.legacylootgames.LootGamesDungeonLogger][INFO] - PuzzleDungeon spawned at 3416 57 -1240 in Dimension 0
10.07.2024 07:00:35.228 - [eu.usrv.legacylootgames.LootGamesDungeonLogger][INFO] - PuzzleDungeon spawned at 1896 118 -216 in Dimension 0
10.07.2024 07:00:36.861 - [eu.usrv.legacylootgames.LootGamesDungeonLogger][INFO] - PuzzleDungeon spawned at 1896 73 -120 in Dimension 0
10.07.2024 07:00:54.488 - [eu.usrv.legacylootgames.LootGamesDungeonLogger][INFO] - PuzzleDungeon spawned at 3672 44 -1272 in Dimension 0
10.07.2024 07:01:02.514 - [eu.usrv.legacylootgames.LootGamesDungeonLogger][INFO] - PuzzleDungeon spawned at 1848 68 -280 in Dimension 0
10.07.2024 07:01:35.102 - [eu.usrv.legacylootgames.LootGamesDungeonLogger][INFO] - PuzzleDungeon spawned at 3800 51 -1256 in Dimension 0
10.07.2024 07:02:46.528 - [eu.usrv.legacylootgames.LootGamesDungeonLogger][INFO] - PuzzleDungeon spawned at 4072 51 -1304 in Dimension 0
10.07.2024 07:03:32.925 - [eu.usrv.legacylootgames.LootGamesDungeonLogger][INFO] - PuzzleDungeon spawned at 4168 36 -1160 in Dimension 0
10.07.2024 07:03:32.939 - [eu.usrv.legacylootgames.LootGamesDungeonLogger][INFO] - PuzzleDungeon spawned at 4168 76 -1064 in Dimension 0
10.07.2024 07:03:54.679 - [eu.usrv.legacylootgames.LootGamesDungeonLogger][INFO] - PuzzleDungeon spawned at 4216 72 -1000 in Dimension 0
10.07.2024 07:05:47.835 - [eu.usrv.legacylootgames.LootGamesDungeonLogger][INFO] - PuzzleDungeon spawned at 4536 73 -1240 in Dimension 0
10.07.2024 07:07:01.206 - [eu.usrv.legacylootgames.LootGamesDungeonLogger][INFO] - PuzzleDungeon spawned at 4536 55 -1432 in Dimension 0
10.07.2024 07:07:01.710 - [eu.usrv.legacylootgames.LootGamesDungeonLogger][INFO] - PuzzleDungeon spawned at 4760 72 -1448 in Dimension 0
10.07.2024 07:07:39.806 - [eu.usrv.legacylootgames.LootGamesDungeonLogger][INFO] - PuzzleDungeon spawned at 4824 59 -1208 in Dimension 0
10.07.2024 07:07:39.848 - [eu.usrv.legacylootgames.LootGamesDungeonLogger][INFO] - PuzzleDungeon spawned at 4824 118 -1320 in Dimension 0
10.07.2024 07:08:17.774 - [eu.usrv.legacylootgames.LootGamesDungeonLogger][INFO] - PuzzleDungeon spawned at 4936 84 -1192 in Dimension 0
10.07.2024 07:11:00.944 - [eu.usrv.legacylootgames.LootGamesDungeonLogger][INFO] - PuzzleDungeon spawned at 5320 51 -1192 in Dimension 0
10.07.2024 07:11:36.956 - [eu.usrv.legacylootgames.LootGamesDungeonLogger][INFO] - PuzzleDungeon spawned at 5320 49 -1464 in Dimension 0
10.07.2024 07:12:30.008 - [eu.usrv.legacylootgames.LootGamesDungeonLogger][INFO] - PuzzleDungeon spawned at 5592 51 -1256 in Dimension 0
10.07.2024 07:13:06.335 - [eu.usrv.legacylootgames.LootGamesDungeonLogger][INFO] - PuzzleDungeon spawned at 5704 51 -1128 in Dimension 0
10.07.2024 07:15:19.530 - [eu.usrv.legacylootgames.LootGamesDungeonLogger][INFO] - PuzzleDungeon spawned at 6072 30 -1400 in Dimension 0
10.07.2024 07:15:19.554 - [eu.usrv.legacylootgames.LootGamesDungeonLogger][INFO] - PuzzleDungeon spawned at 6072 52 -1304 in Dimension 0
10.07.2024 07:15:22.824 - [eu.usrv.legacylootgames.LootGamesDungeonLogger][INFO] - PuzzleDungeon spawned at 6088 55 -1224 in Dimension 0
10.07.2024 07:15:44.720 - [eu.usrv.legacylootgames.LootGamesDungeonLogger][INFO] - PuzzleDungeon spawned at 6072 51 -1496 in Dimension 0
10.07.2024 07:16:47.953 - [eu.usrv.legacylootgames.LootGamesDungeonLogger][INFO] - PuzzleDungeon spawned at 6024 64 -1736 in Dimension 0
10.07.2024 07:17:15.717 - [eu.usrv.legacylootgames.LootGamesDungeonLogger][INFO] - PuzzleDungeon spawned at 5896 49 -1848 in Dimension 0
10.07.2024 07:18:36.005 - [eu.usrv.legacylootgames.LootGamesDungeonLogger][INFO] - PuzzleDungeon spawned at 2008 87 -88 in Dimension 0
10.07.2024 07:23:52.494 - [eu.usrv.legacylootgames.LootGamesDungeonLogger][INFO] - PuzzleDungeon spawned at 2008 42 8 in Dimension 0
10.07.2024 07:26:10.505 - [eu.usrv.legacylootgames.LootGamesDungeonLogger][INFO] - PuzzleDungeon spawned at 2296 44 -72 in Dimension 0
10.07.2024 07:26:33.914 - [eu.usrv.legacylootgames.LootGamesDungeonLogger][INFO] - PuzzleDungeon spawned at 2072 70 152 in Dimension 0
10.07.2024 07:26:41.922 - [eu.usrv.legacylootgames.LootGamesDungeonLogger][INFO] - PuzzleDungeon spawned at 2312 68 104 in Dimension 0
10.07.2024 07:28:16.501 - [eu.usrv.legacylootgames.LootGamesDungeonLogger][INFO] - PuzzleDungeon spawned at 2312 118 296 in Dimension 0
11.07.2024 06:08:27.227 - [eu.usrv.legacylootgames.LootGamesDungeonLogger][INFO] - == LootGames logger initialized ==
11.07.2024 08:37:45.829 - [eu.usrv.legacylootgames.LootGamesDungeonLogger][INFO] - PuzzleDungeon spawned at 2104 53 -504 in Dimension 0
11.07.2024 08:38:39.996 - [eu.usrv.legacylootgames.LootGamesDungeonLogger][INFO] - PuzzleDungeon spawned at 2040 70 -648 in Dimension 0
11.07.2024 08:40:21.179 - [eu.usrv.legacylootgames.LootGamesDungeonLogger][INFO] - PuzzleDungeon spawned at 2328 54 -696 in Dimension 0
11.07.2024 08:41:20.587 - [eu.usrv.legacylootgames.LootGamesDungeonLogger][INFO] - PuzzleDungeon spawned at 1960 59 -984 in Dimension 0
11.07.2024 08:42:22.077 - [eu.usrv.legacylootgames.LootGamesDungeonLogger][INFO] - PuzzleDungeon spawned at 2040 62 -1288 in Dimension 0
11.07.2024 08:42:27.965 - [eu.usrv.legacylootgames.LootGamesDungeonLogger][INFO] - PuzzleDungeon spawned at 2264 55 -1320 in Dimension 0
11.07.2024 08:42:34.805 - [eu.usrv.legacylootgames.LootGamesDungeonLogger][INFO] - PuzzleDungeon spawned at 2280 80 -1224 in Dimension 0
11.07.2024 08:43:19.744 - [eu.usrv.legacylootgames.LootGamesDungeonLogger][INFO] - PuzzleDungeon spawned at 2248 56 -1576 in Dimension 0
11.07.2024 08:44:12.612 - [eu.usrv.legacylootgames.LootGamesDungeonLogger][INFO] - PuzzleDungeon spawned at 2472 58 -1624 in Dimension 0
11.07.2024 08:44:30.827 - [eu.usrv.legacylootgames.LootGamesDungeonLogger][INFO] - PuzzleDungeon spawned at 2648 55 -1608 in Dimension 0
11.07.2024 08:45:05.893 - [eu.usrv.legacylootgames.LootGamesDungeonLogger][INFO] - PuzzleDungeon spawned at 2760 51 -1480 in Dimension 0
11.07.2024 08:45:07.446 - [eu.usrv.legacylootgames.LootGamesDungeonLogger][INFO] - PuzzleDungeon spawned at 2744 47 -1560 in Dimension 0
11.07.2024 08:50:20.883 - [eu.usrv.legacylootgames.LootGamesDungeonLogger][INFO] - PuzzleDungeon spawned at 3032 60 -1528 in Dimension 0
11.07.2024 08:51:24.832 - [eu.usrv.legacylootgames.LootGamesDungeonLogger][INFO] - PuzzleDungeon spawned at 3128 66 -1832 in Dimension 0
11.07.2024 08:52:32.420 - [eu.usrv.legacylootgames.LootGamesDungeonLogger][INFO] - PuzzleDungeon spawned at 3352 51 -1768 in Dimension 0
11.07.2024 08:53:50.624 - [eu.usrv.legacylootgames.LootGamesDungeonLogger][INFO] - PuzzleDungeon spawned at 3400 51 -1704 in Dimension 0
11.07.2024 08:55:53.133 - [eu.usrv.legacylootgames.LootGamesDungeonLogger][INFO] - PuzzleDungeon spawned at 3768 57 -1688 in Dimension 0
11.07.2024 08:55:53.163 - [eu.usrv.legacylootgames.LootGamesDungeonLogger][INFO] - PuzzleDungeon spawned at 3768 51 -1592 in Dimension 0
11.07.2024 09:06:21.242 - [eu.usrv.legacylootgames.LootGamesDungeonLogger][INFO] - PuzzleDungeon spawned at 3976 55 -1608 in Dimension 0
11.07.2024 09:06:27.364 - [eu.usrv.legacylootgames.LootGamesDungeonLogger][INFO] - PuzzleDungeon spawned at 4008 58 -1528 in Dimension 0
11.07.2024 09:06:38.426 - [eu.usrv.legacylootgames.LootGamesDungeonLogger][INFO] - PuzzleDungeon spawned at 4056 54 -1480 in Dimension 0
11.07.2024 09:07:45.738 - [eu.usrv.legacylootgames.LootGamesDungeonLogger][INFO] - PuzzleDungeon spawned at 4264 49 -1480 in Dimension 0
11.07.2024 09:09:27.850 - [eu.usrv.legacylootgames.LootGamesDungeonLogger][INFO] - PuzzleDungeon spawned at 4536 48 -1528 in Dimension 0
11.07.2024 09:14:31.946 - [eu.usrv.legacylootgames.LootGamesDungeonLogger][INFO] - PuzzleDungeon spawned at 5016 66 -1496 in Dimension 0
11.07.2024 09:17:26.344 - [eu.usrv.legacylootgames.LootGamesDungeonLogger][INFO] - PuzzleDungeon spawned at 5368 71 -1032 in Dimension 0
11.07.2024 09:18:04.590 - [eu.usrv.legacylootgames.LootGamesDungeonLogger][INFO] - PuzzleDungeon spawned at 5496 48 -936 in Dimension 0
11.07.2024 09:19:18.670 - [eu.usrv.legacylootgames.LootGamesDungeonLogger][INFO] - PuzzleDungeon spawned at 5768 56 -984 in Dimension 0
11.07.2024 09:19:18.713 - [eu.usrv.legacylootgames.LootGamesDungeonLogger][INFO] - PuzzleDungeon spawned at 5768 59 -888 in Dimension 0
11.07.2024 09:21:03.513 - [eu.usrv.legacylootgames.LootGamesDungeonLogger][INFO] - PuzzleDungeon spawned at 5768 81 -616 in Dimension 0
11.07.2024 09:22:04.161 - [eu.usrv.legacylootgames.LootGamesDungeonLogger][INFO] - PuzzleDungeon spawned at 5768 66 -520 in Dimension 0
11.07.2024 09:22:58.316 - [eu.usrv.legacylootgames.LootGamesDungeonLogger][INFO] - PuzzleDungeon spawned at 5848 51 -376 in Dimension 0
11.07.2024 09:23:59.997 - [eu.usrv.legacylootgames.LootGamesDungeonLogger][INFO] - PuzzleDungeon spawned at 6040 52 -568 in Dimension 0
11.07.2024 09:24:52.922 - [eu.usrv.legacylootgames.LootGamesDungeonLogger][INFO] - PuzzleDungeon spawned at 6168 59 -472 in Dimension 0
11.07.2024 09:25:10.399 - [eu.usrv.legacylootgames.LootGamesDungeonLogger][INFO] - PuzzleDungeon spawned at 6216 108 -312 in Dimension 0
11.07.2024 09:25:54.356 - [eu.usrv.legacylootgames.LootGamesDungeonLogger][INFO] - PuzzleDungeon spawned at 6328 51 -632 in Dimension 0
12.07.2024 04:11:49.351 - [eu.usrv.legacylootgames.LootGamesDungeonLogger][INFO] - == LootGames logger initialized ==
13.07.2024 11:47:22.816 - [eu.usrv.legacylootgames.LootGamesDungeonLogger][INFO] - == LootGames logger initialized ==
13.07.2024 05:57:17.988 - [eu.usrv.legacylootgames.LootGamesDungeonLogger][INFO] - == LootGames logger initialized ==
13.07.2024 06:36:21.545 - [eu.usrv.legacylootgames.LootGamesDungeonLogger][INFO] - == LootGames logger initialized ==
14.07.2024 12:15:07.733 - [eu.usrv.legacylootgames.LootGamesDungeonLogger][INFO] - == LootGames logger initialized ==
14.07.2024 05:01:42.340 - [eu.usrv.legacylootgames.LootGamesDungeonLogger][INFO] - == LootGames logger initialized ==
14.07.2024 05:28:07.239 - [eu.usrv.legacylootgames.LootGamesDungeonLogger][INFO] - == LootGames logger initialized ==
14.07.2024 05:31:03.095 - [eu.usrv.legacylootgames.LootGamesDungeonLogger][INFO] - == LootGames logger initialized ==
14.07.2024 05:33:14.973 - [eu.usrv.legacylootgames.LootGamesDungeonLogger][INFO] - == LootGames logger initialized ==
15.07.2024 03:57:21.815 - [eu.usrv.legacylootgames.LootGamesDungeonLogger][INFO] - == LootGames logger initialized ==
16.07.2024 06:20:51.186 - [eu.usrv.legacylootgames.LootGamesDungeonLogger][INFO] - == LootGames logger initialized ==
17.07.2024 03:29:49.508 - [eu.usrv.legacylootgames.LootGamesDungeonLogger][INFO] - == LootGames logger initialized ==
18.07.2024 01:28:42.288 - [eu.usrv.legacylootgames.LootGamesDungeonLogger][INFO] - == LootGames logger initialized ==
20.07.2024 11:54:25.760 - [eu.usrv.legacylootgames.LootGamesDungeonLogger][INFO] - == LootGames logger initialized ==
04.08.2024 07:59:01.022 - [eu.usrv.legacylootgames.LootGamesDungeonLogger][INFO] - == LootGames logger initialized ==
08.08.2024 07:33:58.401 - [eu.usrv.legacylootgames.LootGamesDungeonLogger][INFO] - == LootGames logger initialized ==
10.08.2024 10:43:22.295 - [eu.usrv.legacylootgames.LootGamesDungeonLogger][INFO] - == LootGames logger initialized ==
11.08.2024 11:35:33.026 - [eu.usrv.legacylootgames.LootGamesDungeonLogger][INFO] - == LootGames logger initialized ==
11.08.2024 11:39:46.927 - [eu.usrv.legacylootgames.LootGamesDungeonLogger][INFO] - == LootGames logger initialized ==
12.08.2024 05:12:02.081 - [eu.usrv.legacylootgames.LootGamesDungeonLogger][INFO] - == LootGames logger initialized ==
12.08.2024 08:40:26.778 - [eu.usrv.legacylootgames.LootGamesDungeonLogger][INFO] - == LootGames logger initialized ==
12.08.2024 10:21:37.232 - [eu.usrv.legacylootgames.LootGamesDungeonLogger][INFO] - PuzzleDungeon spawned at 88 51 -1224 in Dimension 0
12.08.2024 10:55:03.800 - [eu.usrv.legacylootgames.LootGamesDungeonLogger][INFO] - PuzzleDungeon spawned at 8 99 -1688 in Dimension 0
12.08.2024 10:55:14.242 - [eu.usrv.legacylootgames.LootGamesDungeonLogger][INFO] - PuzzleDungeon spawned at -8 58 -1800 in Dimension 0
12.08.2024 10:55:25.251 - [eu.usrv.legacylootgames.LootGamesDungeonLogger][INFO] - PuzzleDungeon spawned at -8 59 -2056 in Dimension 0
12.08.2024 10:55:44.834 - [eu.usrv.legacylootgames.LootGamesDungeonLogger][INFO] - PuzzleDungeon spawned at -24 60 -2136 in Dimension 0
12.08.2024 10:55:49.426 - [eu.usrv.legacylootgames.LootGamesDungeonLogger][INFO] - PuzzleDungeon spawned at -56 57 -2216 in Dimension 0
12.08.2024 10:56:01.122 - [eu.usrv.legacylootgames.LootGamesDungeonLogger][INFO] - PuzzleDungeon spawned at -56 58 -2312 in Dimension 0
12.08.2024 10:56:09.791 - [eu.usrv.legacylootgames.LootGamesDungeonLogger][INFO] - PuzzleDungeon spawned at -200 58 -2408 in Dimension 0
12.08.2024 10:57:19.772 - [eu.usrv.legacylootgames.LootGamesDungeonLogger][INFO] - PuzzleDungeon spawned at -248 58 -2664 in Dimension 0
12.08.2024 10:57:28.522 - [eu.usrv.legacylootgames.LootGamesDungeonLogger][INFO] - PuzzleDungeon spawned at -248 57 -2760 in Dimension 0
12.08.2024 10:57:44.843 - [eu.usrv.legacylootgames.LootGamesDungeonLogger][INFO] - PuzzleDungeon spawned at -264 52 -2936 in Dimension 0
12.08.2024 10:58:44.881 - [eu.usrv.legacylootgames.LootGamesDungeonLogger][INFO] - PuzzleDungeon spawned at -152 45 -3256 in Dimension 0
12.08.2024 10:58:53.599 - [eu.usrv.legacylootgames.LootGamesDungeonLogger][INFO] - PuzzleDungeon spawned at -232 73 -3368 in Dimension 0
12.08.2024 10:59:09.579 - [eu.usrv.legacylootgames.LootGamesDungeonLogger][INFO] - PuzzleDungeon spawned at -72 54 -3528 in Dimension 0
12.08.2024 10:59:24.233 - [eu.usrv.legacylootgames.LootGamesDungeonLogger][INFO] - PuzzleDungeon spawned at -120 53 -3688 in Dimension 0
12.08.2024 10:59:31.781 - [eu.usrv.legacylootgames.LootGamesDungeonLogger][INFO] - PuzzleDungeon spawned at -152 53 -3768 in Dimension 0
12.08.2024 10:59:42.831 - [eu.usrv.legacylootgames.LootGamesDungeonLogger][INFO] - PuzzleDungeon spawned at -248 67 -3800 in Dimension 0
12.08.2024 11:00:11.993 - [eu.usrv.legacylootgames.LootGamesDungeonLogger][INFO] - PuzzleDungeon spawned at -312 53 -4120 in Dimension 0
12.08.2024 11:00:12.103 - [eu.usrv.legacylootgames.LootGamesDungeonLogger][INFO] - PuzzleDungeon spawned at -136 45 -4120 in Dimension 0
12.08.2024 11:00:50.169 - [eu.usrv.legacylootgames.LootGamesDungeonLogger][INFO] - PuzzleDungeon spawned at -200 54 -4456 in Dimension 0
12.08.2024 11:01:09.021 - [eu.usrv.legacylootgames.LootGamesDungeonLogger][INFO] - PuzzleDungeon spawned at -216 51 -4632 in Dimension 0
12.08.2024 11:01:16.255 - [eu.usrv.legacylootgames.LootGamesDungeonLogger][INFO] - PuzzleDungeon spawned at -216 37 -4728 in Dimension 0
12.08.2024 11:01:38.032 - [eu.usrv.legacylootgames.LootGamesDungeonLogger][INFO] - PuzzleDungeon spawned at -280 52 -4952 in Dimension 0
12.08.2024 11:01:46.737 - [eu.usrv.legacylootgames.LootGamesDungeonLogger][INFO] - PuzzleDungeon spawned at -280 66 -5048 in Dimension 0
12.08.2024 11:02:20.595 - [eu.usrv.legacylootgames.LootGamesDungeonLogger][INFO] - PuzzleDungeon spawned at -296 51 -5384 in Dimension 0
13.08.2024 09:39:19.092 - [eu.usrv.legacylootgames.LootGamesDungeonLogger][INFO] - == LootGames logger initialized ==
13.08.2024 10:10:34.076 - [eu.usrv.legacylootgames.LootGamesDungeonLogger][INFO] - == LootGames logger initialized ==
13.08.2024 12:29:40.953 - [eu.usrv.legacylootgames.LootGamesDungeonLogger][INFO] - == LootGames logger initialized ==
14.08.2024 12:03:07.154 - [eu.usrv.legacylootgames.LootGamesDungeonLogger][INFO] - == LootGames logger initialized ==
14.08.2024 06:06:33.056 - [eu.usrv.legacylootgames.LootGamesDungeonLogger][INFO] - == LootGames logger initialized ==
15.08.2024 06:36:41.004 - [eu.usrv.legacylootgames.LootGamesDungeonLogger][INFO] - == LootGames logger initialized ==
16.08.2024 12:28:36.526 - [eu.usrv.legacylootgames.LootGamesDungeonLogger][INFO] - == LootGames logger initialized ==
17.08.2024 03:25:51.455 - [eu.usrv.legacylootgames.LootGamesDungeonLogger][INFO] - == LootGames logger initialized ==
18.08.2024 11:42:08.066 - [eu.usrv.legacylootgames.LootGamesDungeonLogger][INFO] - == LootGames logger initialized ==
18.08.2024 11:44:54.423 - [eu.usrv.legacylootgames.LootGamesDungeonLogger][INFO] - == LootGames logger initialized ==
18.08.2024 09:03:45.718 - [eu.usrv.legacylootgames.LootGamesDungeonLogger][INFO] - == LootGames logger initialized ==
18.08.2024 10:59:07.120 - [eu.usrv.legacylootgames.LootGamesDungeonLogger][INFO] - PuzzleDungeon spawned at -1208 63 456 in Dimension 0
19.08.2024 05:13:01.562 - [eu.usrv.legacylootgames.LootGamesDungeonLogger][INFO] - == LootGames logger initialized ==
21.08.2024 05:38:59.512 - [eu.usrv.legacylootgames.LootGamesDungeonLogger][INFO] - == LootGames logger initialized ==
28.08.2024 08:40:37.011 - [eu.usrv.legacylootgames.LootGamesDungeonLogger][INFO] - == LootGames logger initialized ==
